<?xml version="1.0" encoding="UTF-8"?>
<!-- Generated by org.testng.reporters.JUnitXMLReporter -->
<testsuite hostname="priya-PC" ignored="0" name="Default test" tests="3" failures="0" timestamp="11 Jan 2018 17:16:28 GMT" time="61.246" errors="0">
  <testcase name="googleTitleTest" time="0.116" classname="testNGBasics.GoogleTest"/>
  <testcase name="logoTest" time="0.399" classname="testNGBasics.GoogleTest"/>
  <testcase name="mailLinkTest" time="0.207" classname="testNGBasics.GoogleTest"/>
</testsuite> <!-- Default test -->
