<?xml version="1.0" encoding="UTF-8"?>
<!-- Generated by org.testng.reporters.JUnitXMLReporter -->
<testsuite hostname="priya-PC" ignored="0" name="Different testing features" tests="21" failures="1" timestamp="18 Jan 2018 16:31:07 GMT" time="435.837" errors="0">
  <testcase name="infiniteLoop" time="2.09" classname="testNGFeatures.ExceptionTimeOutTest">
    <failure type="java.lang.ArrayIndexOutOfBoundsException" message="0">
      <![CDATA[java.lang.ArrayIndexOutOfBoundsException: 0
... Removed 22 stack frames]]>
    </failure>
  </testcase> <!-- infiniteLoop -->
  <testcase name="infiniteLoop1" time="2.053" classname="testNGFeatures.ExceptionTimeOutTest"/>
  <testcase name="googleLogo" time="5.723" classname="testNGFeatures.ExecutingTestUsingXML"/>
  <testcase name="googleTitle" time="1.374" classname="testNGFeatures.ExecutingTestUsingXML"/>
  <testcase name="print" time="0.002" classname="testNGFeatures.ExecutingTestUsingXML"/>
  <testcase name="sum" time="0.141" classname="testNGFeatures.InvocationCountTest"/>
  <testcase name="sum" time="0.496" classname="testNGFeatures.InvocationCountTest"/>
  <testcase name="sum" time="0.881" classname="testNGFeatures.InvocationCountTest"/>
  <testcase name="sum" time="0.44" classname="testNGFeatures.InvocationCountTest"/>
  <testcase name="sum" time="0.812" classname="testNGFeatures.InvocationCountTest"/>
  <testcase name="sum" time="1.13" classname="testNGFeatures.InvocationCountTest"/>
  <testcase name="sum" time="0.042" classname="testNGFeatures.InvocationCountTest"/>
  <testcase name="sum" time="0.056" classname="testNGFeatures.InvocationCountTest"/>
  <testcase name="sum" time="0.107" classname="testNGFeatures.InvocationCountTest"/>
  <testcase name="sum" time="0.158" classname="testNGFeatures.InvocationCountTest"/>
  <testcase name="login" time="0.5" classname="testNGFeatures.TestNGFeatures"/>
  <testcase name="home" time="0.11" classname="testNGFeatures.TestNGFeatures"/>
  <testcase name="search" time="1.43" classname="testNGFeatures.TestNGFeatures"/>
  <testcase name="googleLogo" time="3.602" classname="testNGFeatures.TestValidation"/>
  <testcase name="googleTitle" time="1.0" classname="testNGFeatures.TestValidation"/>
  <testcase name="login" time="19.474" classname="parametersInTestNG.ParametersInTestNG"/>
</testsuite> <!-- Different testing features -->
